-------------------------------------------------------------------------------
Test set: testing.example.VirementServiceTest
-------------------------------------------------------------------------------
Tests run: 1, Failures: 0, Errors: 1, Skipped: 0, Time elapsed: 0.018 s <<< FAILURE! - in testing.example.VirementServiceTest
performTransfert  Time elapsed: 0.011 s  <<< ERROR!
java.lang.NullPointerException
	at testing.example.VirementServiceTest.performTransfert(VirementServiceTest.java:21)

